<?xml version="1.0" encoding="UTF-8"?>
<!-- Generated by org.testng.reporters.JUnitReportReporter -->
<testsuite skipped="0" hostname="DESKTOP-6R9UECD" name="TestCases.homePageWith3Sliders" tests="1" failures="0" timestamp="31 Jul 2019 05:35:28 GMT" time="34.488" errors="0">
  <testcase name="verifyHomePageWith3Sliders" time="34.488" classname="TestCases.homePageWith3Sliders"/>
</testsuite> <!-- TestCases.homePageWith3Sliders -->
