<?xml version="1.0" encoding="UTF-8"?>
<!-- Generated by org.testng.reporters.JUnitReportReporter -->
<testsuite hostname="PHONGTRAN" failures="0" tests="1" name="TestCases.registerSuccessForNewAccount" time="0.000" errors="0" timestamp="2020-04-16T14:37:27 ICT" skipped="1">
  <testcase classname="TestCases.registerSuccessForNewAccount" name="verifyRegisterSuccessForNewAccount" time="0.000">
    <skipped/>
  </testcase> <!-- verifyRegisterSuccessForNewAccount -->
</testsuite> <!-- TestCases.registerSuccessForNewAccount -->
