<?xml version="1.0" encoding="UTF-8"?>
<!-- Generated by org.testng.reporters.JUnitReportReporter -->
<testsuite skipped="0" hostname="DESKTOP-6R9UECD" name="TestCases.TC001" tests="1" failures="0" timestamp="29 Jul 2019 08:42:38 GMT" time="0.008" errors="0">
  <testcase name="f" time="0.008" classname="TestCases.TC001"/>
</testsuite> <!-- TestCases.TC001 -->
