<?xml version="1.0" encoding="UTF-8"?>
<!-- Generated by org.testng.reporters.JUnitReportReporter -->
<testsuite skipped="0" hostname="DESKTOP-6R9UECD" name="TestCases.registerSuccessForNewAccount" tests="1" failures="0" timestamp="02 Aug 2019 04:46:30 GMT" time="15.897" errors="0">
  <testcase name="verifyRegisterSuccessForNewAccount" time="15.897" classname="TestCases.registerSuccessForNewAccount"/>
</testsuite> <!-- TestCases.registerSuccessForNewAccount -->
