<?xml version="1.0" encoding="UTF-8"?>
<!-- Generated by org.testng.reporters.JUnitReportReporter -->
<testsuite skipped="0" hostname="DESKTOP-6R9UECD" name="TestCases.registerSuccessForNewAccount" tests="1" failures="0" timestamp="06 Aug 2019 10:46:54 GMT" time="12.536" errors="0">
  <testcase name="verifyRegisterSuccessForNewAccount" time="12.536" classname="TestCases.registerSuccessForNewAccount"/>
</testsuite> <!-- TestCases.registerSuccessForNewAccount -->
