<?xml version="1.0" encoding="UTF-8"?>
<!-- Generated by org.testng.reporters.JUnitReportReporter -->
<testsuite skipped="0" hostname="DESKTOP-6R9UECD" name="TestCases.registerSuccessForNewAccount" tests="1" failures="0" timestamp="13 Aug 2019 11:01:44 GMT" time="24.005" errors="0">
  <testcase name="verifyRegisterSuccessForNewAccount" time="24.005" classname="TestCases.registerSuccessForNewAccount"/>
</testsuite> <!-- TestCases.registerSuccessForNewAccount -->
