<?xml version="1.0" encoding="UTF-8"?>
<!-- Generated by org.testng.reporters.JUnitReportReporter -->
<testsuite skipped="0" hostname="DESKTOP-6R9UECD" name="TestCases.registerSuccessForNewAccount" tests="1" failures="0" timestamp="07 Aug 2019 05:25:49 GMT" time="98.854" errors="0">
  <testcase name="verifyRegisterSuccessForNewAccount" time="98.854" classname="TestCases.registerSuccessForNewAccount"/>
</testsuite> <!-- TestCases.registerSuccessForNewAccount -->
